# JRE version: Java(TM) SE Runtime Environment (8.0_65-b17) (build 1.8.0_65-b17)
# Java VM: Java HotSpot(TM) Client VM (25.65-b01 mixed mode linux-arm )
Heap:
 def new generation   total 8576K, used 6944K [0x65800000, 0x66140000, 0x6a540000)
  eden space 7680K,  83% used [0x65800000, 0x65e3ba90, 0x65f80000)
  from space 896K,  62% used [0x65f80000, 0x6600c600, 0x66060000)
  to   space 896K,   0% used [0x66060000, 0x66060000, 0x66140000)
 tenured generation   total 18880K, used 14676K [0x6a540000, 0x6b7b0000, 0x74000000)
   the space 18880K,  77% used [0x6a540000, 0x6b3950b0, 0x6b395200, 0x6b7b0000)
 Metaspace       used 14005K, capacity 14330K, committed 14360K, reserved 14640K
GC Heap History (10 events):
Event: 21.218 GC heap before
{Heap before GC invocations=44 (full 1):
 def new generation   total 8576K, used 8206K [0x65800000, 0x66140000, 0x6a540000)
  eden space 7680K, 100% used [0x65800000, 0x65f80000, 0x65f80000)
  from space 896K,  58% used [0x66060000, 0x660e3b40, 0x66140000)
  to   space 896K,   0% used [0x65f80000, 0x65f80000, 0x66060000)
 tenured generation   total 18880K, used 13404K [0x6a540000, 0x6b7b0000, 0x74000000)
   the space 18880K,  70% used [0x6a540000, 0x6b257118, 0x6b257200, 0x6b7b0000)
 Metaspace       used 12407K, capacity 12665K, committed 12696K, reserved 13616K
Event: 21.239 GC heap after
Heap after GC invocations=45 (full 1):
 def new generation   total 8576K, used 599K [0x65800000, 0x66140000, 0x6a540000)
  eden space 7680K,   0% used [0x65800000, 0x65800000, 0x65f80000)
  from space 896K,  66% used [0x65f80000, 0x66015ee8, 0x66060000)
  to   space 896K,   0% used [0x66060000, 0x66060000, 0x66140000)
 tenured generation   total 18880K, used 13810K [0x6a540000, 0x6b7b0000, 0x74000000)
   the space 18880K,  73% used [0x6a540000, 0x6b2bc850, 0x6b2bca00, 0x6b7b0000)
 Metaspace       used 12407K, capacity 12665K, committed 12696K, reserved 13616K
}
Event: 22.180 GC heap before
{Heap before GC invocations=45 (full 1):
 def new generation   total 8576K, used 8279K [0x65800000, 0x66140000, 0x6a540000)
  eden space 7680K, 100% used [0x65800000, 0x65f80000, 0x65f80000)
  from space 896K,  66% used [0x65f80000, 0x66015ee8, 0x66060000)
  to   space 896K,   0% used [0x66060000, 0x66060000, 0x66140000)
 tenured generation   total 18880K, used 13810K [0x6a540000, 0x6b7b0000, 0x74000000)
   the space 18880K,  73% used [0x6a540000, 0x6b2bc850, 0x6b2bca00, 0x6b7b0000)
 Metaspace       used 13004K, capacity 13267K, committed 13336K, reserved 13616K
Event: 22.199 GC heap after
Heap after GC invocations=46 (full 1):
 def new generation   total 8576K, used 848K [0x65800000, 0x66140000, 0x6a540000)
  eden space 7680K,   0% used [0x65800000, 0x65800000, 0x65f80000)
  from space 896K,  94% used [0x66060000, 0x66134328, 0x66140000)
  to   space 896K,   0% used [0x65f80000, 0x65f80000, 0x66060000)
 tenured generation   total 18880K, used 14101K [0x6a540000, 0x6b7b0000, 0x74000000)
   the space 18880K,  74% used [0x6a540000, 0x6b305670, 0x6b305800, 0x6b7b0000)
 Metaspace       used 13004K, capacity 13267K, committed 13336K, reserved 13616K
}
Event: 22.734 GC heap before
{Heap before GC invocations=46 (full 1):
 def new generation   total 8576K, used 8528K [0x65800000, 0x66140000, 0x6a540000)
  eden space 7680K, 100% used [0x65800000, 0x65f80000, 0x65f80000)
  from space 896K,  94% used [0x66060000, 0x66134328, 0x66140000)
  to   space 896K,   0% used [0x65f80000, 0x65f80000, 0x66060000)
 tenured generation   total 18880K, used 14101K [0x6a540000, 0x6b7b0000, 0x74000000)
   the space 18880K,  74% used [0x6a540000, 0x6b305670, 0x6b305800, 0x6b7b0000)
 Metaspace       used 13123K, capacity 13443K, committed 13464K, reserved 13616K
Event: 22.755 GC heap after
Heap after GC invocations=47 (full 1):
 def new generation   total 8576K, used 494K [0x65800000, 0x66140000, 0x6a540000)
  eden space 7680K,   0% used [0x65800000, 0x65800000, 0x65f80000)
  from space 896K,  55% used [0x65f80000, 0x65ffb8c0, 0x66060000)
  to   space 896K,   0% used [0x66060000, 0x66060000, 0x66140000)
 tenured generation   total 18880K, used 14470K [0x6a540000, 0x6b7b0000, 0x74000000)
   the space 18880K,  76% used [0x6a540000, 0x6b3618e0, 0x6b361a00, 0x6b7b0000)
 Metaspace       used 13123K, capacity 13443K, committed 13464K, reserved 13616K
}
Event: 23.048 GC heap before
{Heap before GC invocations=47 (full 1):
 def new generation   total 8576K, used 8174K [0x65800000, 0x66140000, 0x6a540000)
  eden space 7680K, 100% used [0x65800000, 0x65f80000, 0x65f80000)
  from space 896K,  55% used [0x65f80000, 0x65ffb8c0, 0x66060000)
  to   space 896K,   0% used [0x66060000, 0x66060000, 0x66140000)
 tenured generation   total 18880K, used 14470K [0x6a540000, 0x6b7b0000, 0x74000000)
   the space 18880K,  76% used [0x6a540000, 0x6b3618e0, 0x6b361a00, 0x6b7b0000)
 Metaspace       used 13125K, capacity 13445K, committed 13464K, reserved 13616K
Event: 23.062 GC heap after
Heap after GC invocations=48 (full 1):
 def new generation   total 8576K, used 273K [0x65800000, 0x66140000, 0x6a540000)
  eden space 7680K,   0% used [0x65800000, 0x65800000, 0x65f80000)
  from space 896K,  30% used [0x66060000, 0x660a4628, 0x66140000)
  to   space 896K,   0% used [0x65f80000, 0x65f80000, 0x66060000)
 tenured generation   total 18880K, used 14676K [0x6a540000, 0x6b7b0000, 0x74000000)
   the space 18880K,  77% used [0x6a540000, 0x6b3950b0, 0x6b395200, 0x6b7b0000)
 Metaspace       used 13125K, capacity 13445K, committed 13464K, reserved 13616K
}
Event: 23.397 GC heap before
{Heap before GC invocations=48 (full 1):
 def new generation   total 8576K, used 7953K [0x65800000, 0x66140000, 0x6a540000)
  eden space 7680K, 100% used [0x65800000, 0x65f80000, 0x65f80000)
  from space 896K,  30% used [0x66060000, 0x660a4628, 0x66140000)
  to   space 896K,   0% used [0x65f80000, 0x65f80000, 0x66060000)
 tenured generation   total 18880K, used 14676K [0x6a540000, 0x6b7b0000, 0x74000000)
   the space 18880K,  77% used [0x6a540000, 0x6b3950b0, 0x6b395200, 0x6b7b0000)
 Metaspace       used 13126K, capacity 13448K, committed 13464K, reserved 13616K
Event: 23.412 GC heap after
Heap after GC invocations=49 (full 1):
 def new generation   total 8576K, used 561K [0x65800000, 0x66140000, 0x6a540000)
  eden space 7680K,   0% used [0x65800000, 0x65800000, 0x65f80000)
  from space 896K,  62% used [0x65f80000, 0x6600c600, 0x66060000)
  to   space 896K,   0% used [0x66060000, 0x66060000, 0x66140000)
 tenured generation   total 18880K, used 14676K [0x6a540000, 0x6b7b0000, 0x74000000)
   the space 18880K,  77% used [0x6a540000, 0x6b3950b0, 0x6b395200, 0x6b7b0000)
 Metaspace       used 13126K, capacity 13448K, committed 13464K, reserved 13616K
}

