# JRE version: Java(TM) SE Runtime Environment (8.0_65-b17) (build 1.8.0_65-b17)
# Java VM: Java HotSpot(TM) Client VM (25.65-b01 mixed mode linux-arm )
Heap:
 def new generation   total 4864K, used 4327K [0x65800000, 0x65d40000, 0x6a540000)
  eden space 4352K,  87% used [0x65800000, 0x65bb9f48, 0x65c40000)
  from space 512K, 100% used [0x65cc0000, 0x65d40000, 0x65d40000)
  to   space 512K,   0% used [0x65c40000, 0x65c40000, 0x65cc0000)
 tenured generation   total 11008K, used 7149K [0x6a540000, 0x6b000000, 0x74000000)
   the space 11008K,  64% used [0x6a540000, 0x6ac3b5f8, 0x6ac3b600, 0x6b000000)
 Metaspace       used 9788K, capacity 9919K, committed 10008K, reserved 10544K
GC Heap History (10 events):
Event: 11.314 GC heap before
{Heap before GC invocations=22 (full 0):
 def new generation   total 4864K, used 4731K [0x65800000, 0x65d40000, 0x6a540000)
  eden space 4352K, 100% used [0x65800000, 0x65c40000, 0x65c40000)
  from space 512K,  74% used [0x65c40000, 0x65c9ed08, 0x65cc0000)
  to   space 512K,   0% used [0x65cc0000, 0x65cc0000, 0x65d40000)
 tenured generation   total 11008K, used 6030K [0x6a540000, 0x6b000000, 0x74000000)
   the space 11008K,  54% used [0x6a540000, 0x6ab23868, 0x6ab23a00, 0x6b000000)
 Metaspace       used 8608K, capacity 8716K, committed 8856K, reserved 9520K
Event: 11.328 GC heap after
Heap after GC invocations=23 (full 0):
 def new generation   total 4864K, used 371K [0x65800000, 0x65d40000, 0x6a540000)
  eden space 4352K,   0% used [0x65800000, 0x65800000, 0x65c40000)
  from space 512K,  72% used [0x65cc0000, 0x65d1cd98, 0x65d40000)
  to   space 512K,   0% used [0x65c40000, 0x65c40000, 0x65cc0000)
 tenured generation   total 11008K, used 6165K [0x6a540000, 0x6b000000, 0x74000000)
   the space 11008K,  56% used [0x6a540000, 0x6ab45460, 0x6ab45600, 0x6b000000)
 Metaspace       used 8608K, capacity 8716K, committed 8856K, reserved 9520K
}
Event: 11.526 GC heap before
{Heap before GC invocations=23 (full 0):
 def new generation   total 4864K, used 4723K [0x65800000, 0x65d40000, 0x6a540000)
  eden space 4352K, 100% used [0x65800000, 0x65c40000, 0x65c40000)
  from space 512K,  72% used [0x65cc0000, 0x65d1cd98, 0x65d40000)
  to   space 512K,   0% used [0x65c40000, 0x65c40000, 0x65cc0000)
 tenured generation   total 11008K, used 6165K [0x6a540000, 0x6b000000, 0x74000000)
   the space 11008K,  56% used [0x6a540000, 0x6ab45460, 0x6ab45600, 0x6b000000)
 Metaspace       used 8610K, capacity 8716K, committed 8856K, reserved 9520K
Event: 11.541 GC heap after
Heap after GC invocations=24 (full 0):
 def new generation   total 4864K, used 374K [0x65800000, 0x65d40000, 0x6a540000)
  eden space 4352K,   0% used [0x65800000, 0x65800000, 0x65c40000)
  from space 512K,  73% used [0x65c40000, 0x65c9da68, 0x65cc0000)
  to   space 512K,   0% used [0x65cc0000, 0x65cc0000, 0x65d40000)
 tenured generation   total 11008K, used 6292K [0x6a540000, 0x6b000000, 0x74000000)
   the space 11008K,  57% used [0x6a540000, 0x6ab65118, 0x6ab65200, 0x6b000000)
 Metaspace       used 8610K, capacity 8716K, committed 8856K, reserved 9520K
}
Event: 11.743 GC heap before
{Heap before GC invocations=24 (full 0):
 def new generation   total 4864K, used 4726K [0x65800000, 0x65d40000, 0x6a540000)
  eden space 4352K, 100% used [0x65800000, 0x65c40000, 0x65c40000)
  from space 512K,  73% used [0x65c40000, 0x65c9da68, 0x65cc0000)
  to   space 512K,   0% used [0x65cc0000, 0x65cc0000, 0x65d40000)
 tenured generation   total 11008K, used 6292K [0x6a540000, 0x6b000000, 0x74000000)
   the space 11008K,  57% used [0x6a540000, 0x6ab65118, 0x6ab65200, 0x6b000000)
 Metaspace       used 8610K, capacity 8716K, committed 8856K, reserved 9520K
Event: 11.757 GC heap after
Heap after GC invocations=25 (full 0):
 def new generation   total 4864K, used 404K [0x65800000, 0x65d40000, 0x6a540000)
  eden space 4352K,   0% used [0x65800000, 0x65800000, 0x65c40000)
  from space 512K,  78% used [0x65cc0000, 0x65d25158, 0x65d40000)
  to   space 512K,   0% used [0x65c40000, 0x65c40000, 0x65cc0000)
 tenured generation   total 11008K, used 6436K [0x6a540000, 0x6b000000, 0x74000000)
   the space 11008K,  58% used [0x6a540000, 0x6ab892a8, 0x6ab89400, 0x6b000000)
 Metaspace       used 8610K, capacity 8716K, committed 8856K, reserved 9520K
}
Event: 12.025 GC heap before
{Heap before GC invocations=25 (full 0):
 def new generation   total 4864K, used 4756K [0x65800000, 0x65d40000, 0x6a540000)
  eden space 4352K, 100% used [0x65800000, 0x65c40000, 0x65c40000)
  from space 512K,  78% used [0x65cc0000, 0x65d25158, 0x65d40000)
  to   space 512K,   0% used [0x65c40000, 0x65c40000, 0x65cc0000)
 tenured generation   total 11008K, used 6436K [0x6a540000, 0x6b000000, 0x74000000)
   the space 11008K,  58% used [0x6a540000, 0x6ab892a8, 0x6ab89400, 0x6b000000)
 Metaspace       used 8626K, capacity 8716K, committed 8856K, reserved 9520K
Event: 12.040 GC heap after
Heap after GC invocations=26 (full 0):
 def new generation   total 4864K, used 433K [0x65800000, 0x65d40000, 0x6a540000)
  eden space 4352K,   0% used [0x65800000, 0x65800000, 0x65c40000)
  from space 512K,  84% used [0x65c40000, 0x65cac550, 0x65cc0000)
  to   space 512K,   0% used [0x65cc0000, 0x65cc0000, 0x65d40000)
 tenured generation   total 11008K, used 6653K [0x6a540000, 0x6b000000, 0x74000000)
   the space 11008K,  60% used [0x6a540000, 0x6abbf678, 0x6abbf800, 0x6b000000)
 Metaspace       used 8626K, capacity 8716K, committed 8856K, reserved 9520K
}
Event: 12.479 GC heap before
{Heap before GC invocations=26 (full 0):
 def new generation   total 4864K, used 4785K [0x65800000, 0x65d40000, 0x6a540000)
  eden space 4352K, 100% used [0x65800000, 0x65c40000, 0x65c40000)
  from space 512K,  84% used [0x65c40000, 0x65cac550, 0x65cc0000)
  to   space 512K,   0% used [0x65cc0000, 0x65cc0000, 0x65d40000)
 tenured generation   total 11008K, used 6653K [0x6a540000, 0x6b000000, 0x74000000)
   the space 11008K,  60% used [0x6a540000, 0x6abbf678, 0x6abbf800, 0x6b000000)
 Metaspace       used 8890K, capacity 8988K, committed 9112K, reserved 9520K
Event: 12.499 GC heap after
Heap after GC invocations=27 (full 0):
 def new generation   total 4864K, used 512K [0x65800000, 0x65d40000, 0x6a540000)
  eden space 4352K,   0% used [0x65800000, 0x65800000, 0x65c40000)
  from space 512K, 100% used [0x65cc0000, 0x65d40000, 0x65d40000)
  to   space 512K,   0% used [0x65c40000, 0x65c40000, 0x65cc0000)
 tenured generation   total 11008K, used 7149K [0x6a540000, 0x6b000000, 0x74000000)
   the space 11008K,  64% used [0x6a540000, 0x6ac3b5f8, 0x6ac3b600, 0x6b000000)
 Metaspace       used 8890K, capacity 8988K, committed 9112K, reserved 9520K
}

