# JRE version: Java(TM) SE Runtime Environment (8.0_65-b17) (build 1.8.0_65-b17)
# Java VM: Java HotSpot(TM) Client VM (25.65-b01 mixed mode linux-arm )
Heap:
 def new generation   total 8576K, used 6953K [0x65800000, 0x66140000, 0x6a540000)
  eden space 7680K,  83% used [0x65800000, 0x65e3e388, 0x65f80000)
  from space 896K,  62% used [0x65f80000, 0x6600c420, 0x66060000)
  to   space 896K,   0% used [0x66060000, 0x66060000, 0x66140000)
 tenured generation   total 18888K, used 14680K [0x6a540000, 0x6b7b2000, 0x74000000)
   the space 18888K,  77% used [0x6a540000, 0x6b396280, 0x6b396400, 0x6b7b2000)
 Metaspace       used 14005K, capacity 14330K, committed 14360K, reserved 14640K
GC Heap History (10 events):
Event: 20.932 GC heap before
{Heap before GC invocations=44 (full 1):
 def new generation   total 8576K, used 8206K [0x65800000, 0x66140000, 0x6a540000)
  eden space 7680K, 100% used [0x65800000, 0x65f80000, 0x65f80000)
  from space 896K,  58% used [0x66060000, 0x660e3b50, 0x66140000)
  to   space 896K,   0% used [0x65f80000, 0x65f80000, 0x66060000)
 tenured generation   total 18888K, used 13408K [0x6a540000, 0x6b7b2000, 0x74000000)
   the space 18888K,  70% used [0x6a540000, 0x6b258310, 0x6b258400, 0x6b7b2000)
 Metaspace       used 12407K, capacity 12665K, committed 12696K, reserved 13616K
Event: 20.952 GC heap after
Heap after GC invocations=45 (full 1):
 def new generation   total 8576K, used 600K [0x65800000, 0x66140000, 0x6a540000)
  eden space 7680K,   0% used [0x65800000, 0x65800000, 0x65f80000)
  from space 896K,  66% used [0x65f80000, 0x660160c8, 0x66060000)
  to   space 896K,   0% used [0x66060000, 0x66060000, 0x66140000)
 tenured generation   total 18888K, used 13814K [0x6a540000, 0x6b7b2000, 0x74000000)
   the space 18888K,  73% used [0x6a540000, 0x6b2bd9a8, 0x6b2bda00, 0x6b7b2000)
 Metaspace       used 12407K, capacity 12665K, committed 12696K, reserved 13616K
}
Event: 21.800 GC heap before
{Heap before GC invocations=45 (full 1):
 def new generation   total 8576K, used 8280K [0x65800000, 0x66140000, 0x6a540000)
  eden space 7680K, 100% used [0x65800000, 0x65f80000, 0x65f80000)
  from space 896K,  66% used [0x65f80000, 0x660160c8, 0x66060000)
  to   space 896K,   0% used [0x66060000, 0x66060000, 0x66140000)
 tenured generation   total 18888K, used 13814K [0x6a540000, 0x6b7b2000, 0x74000000)
   the space 18888K,  73% used [0x6a540000, 0x6b2bd9a8, 0x6b2bda00, 0x6b7b2000)
 Metaspace       used 13004K, capacity 13267K, committed 13336K, reserved 13616K
Event: 21.819 GC heap after
Heap after GC invocations=46 (full 1):
 def new generation   total 8576K, used 848K [0x65800000, 0x66140000, 0x6a540000)
  eden space 7680K,   0% used [0x65800000, 0x65800000, 0x65f80000)
  from space 896K,  94% used [0x66060000, 0x66134228, 0x66140000)
  to   space 896K,   0% used [0x65f80000, 0x65f80000, 0x66060000)
 tenured generation   total 18888K, used 14106K [0x6a540000, 0x6b7b2000, 0x74000000)
   the space 18888K,  74% used [0x6a540000, 0x6b306908, 0x6b306a00, 0x6b7b2000)
 Metaspace       used 13004K, capacity 13267K, committed 13336K, reserved 13616K
}
Event: 22.308 GC heap before
{Heap before GC invocations=46 (full 1):
 def new generation   total 8576K, used 8528K [0x65800000, 0x66140000, 0x6a540000)
  eden space 7680K, 100% used [0x65800000, 0x65f80000, 0x65f80000)
  from space 896K,  94% used [0x66060000, 0x66134228, 0x66140000)
  to   space 896K,   0% used [0x65f80000, 0x65f80000, 0x66060000)
 tenured generation   total 18888K, used 14106K [0x6a540000, 0x6b7b2000, 0x74000000)
   the space 18888K,  74% used [0x6a540000, 0x6b306908, 0x6b306a00, 0x6b7b2000)
 Metaspace       used 13124K, capacity 13443K, committed 13464K, reserved 13616K
Event: 22.329 GC heap after
Heap after GC invocations=47 (full 1):
 def new generation   total 8576K, used 493K [0x65800000, 0x66140000, 0x6a540000)
  eden space 7680K,   0% used [0x65800000, 0x65800000, 0x65f80000)
  from space 896K,  55% used [0x65f80000, 0x65ffb520, 0x66060000)
  to   space 896K,   0% used [0x66060000, 0x66060000, 0x66140000)
 tenured generation   total 18888K, used 14474K [0x6a540000, 0x6b7b2000, 0x74000000)
   the space 18888K,  76% used [0x6a540000, 0x6b362b58, 0x6b362c00, 0x6b7b2000)
 Metaspace       used 13124K, capacity 13443K, committed 13464K, reserved 13616K
}
Event: 22.626 GC heap before
{Heap before GC invocations=47 (full 1):
 def new generation   total 8576K, used 8173K [0x65800000, 0x66140000, 0x6a540000)
  eden space 7680K, 100% used [0x65800000, 0x65f80000, 0x65f80000)
  from space 896K,  55% used [0x65f80000, 0x65ffb520, 0x66060000)
  to   space 896K,   0% used [0x66060000, 0x66060000, 0x66140000)
 tenured generation   total 18888K, used 14474K [0x6a540000, 0x6b7b2000, 0x74000000)
   the space 18888K,  76% used [0x6a540000, 0x6b362b58, 0x6b362c00, 0x6b7b2000)
 Metaspace       used 13125K, capacity 13445K, committed 13464K, reserved 13616K
Event: 22.640 GC heap after
Heap after GC invocations=48 (full 1):
 def new generation   total 8576K, used 268K [0x65800000, 0x66140000, 0x6a540000)
  eden space 7680K,   0% used [0x65800000, 0x65800000, 0x65f80000)
  from space 896K,  30% used [0x66060000, 0x660a33b0, 0x66140000)
  to   space 896K,   0% used [0x65f80000, 0x65f80000, 0x66060000)
 tenured generation   total 18888K, used 14680K [0x6a540000, 0x6b7b2000, 0x74000000)
   the space 18888K,  77% used [0x6a540000, 0x6b396280, 0x6b396400, 0x6b7b2000)
 Metaspace       used 13125K, capacity 13445K, committed 13464K, reserved 13616K
}
Event: 22.960 GC heap before
{Heap before GC invocations=48 (full 1):
 def new generation   total 8576K, used 7948K [0x65800000, 0x66140000, 0x6a540000)
  eden space 7680K, 100% used [0x65800000, 0x65f80000, 0x65f80000)
  from space 896K,  30% used [0x66060000, 0x660a33b0, 0x66140000)
  to   space 896K,   0% used [0x65f80000, 0x65f80000, 0x66060000)
 tenured generation   total 18888K, used 14680K [0x6a540000, 0x6b7b2000, 0x74000000)
   the space 18888K,  77% used [0x6a540000, 0x6b396280, 0x6b396400, 0x6b7b2000)
 Metaspace       used 13126K, capacity 13448K, committed 13464K, reserved 13616K
Event: 22.975 GC heap after
Heap after GC invocations=49 (full 1):
 def new generation   total 8576K, used 561K [0x65800000, 0x66140000, 0x6a540000)
  eden space 7680K,   0% used [0x65800000, 0x65800000, 0x65f80000)
  from space 896K,  62% used [0x65f80000, 0x6600c420, 0x66060000)
  to   space 896K,   0% used [0x66060000, 0x66060000, 0x66140000)
 tenured generation   total 18888K, used 14680K [0x6a540000, 0x6b7b2000, 0x74000000)
   the space 18888K,  77% used [0x6a540000, 0x6b396280, 0x6b396400, 0x6b7b2000)
 Metaspace       used 13126K, capacity 13448K, committed 13464K, reserved 13616K
}

