# JRE version: Java(TM) SE Runtime Environment (8.0_65-b17) (build 1.8.0_65-b17)
# Java VM: Java HotSpot(TM) Client VM (25.65-b01 mixed mode linux-arm )
Heap:
 def new generation   total 8576K, used 8128K [0x65800000, 0x66140000, 0x6a540000)
  eden space 7680K,  99% used [0x65800000, 0x65f6dcd8, 0x65f80000)
  from space 896K,  58% used [0x65f80000, 0x660023b8, 0x66060000)
  to   space 896K,   0% used [0x66060000, 0x66060000, 0x66140000)
 tenured generation   total 18932K, used 14831K [0x6a540000, 0x6b7bd000, 0x74000000)
   the space 18932K,  78% used [0x6a540000, 0x6b3bbc28, 0x6b3bbe00, 0x6b7bd000)
 Metaspace       used 14031K, capacity 14340K, committed 14360K, reserved 14640K
GC Heap History (10 events):
Event: 20.904 GC heap before
{Heap before GC invocations=44 (full 1):
 def new generation   total 8576K, used 8107K [0x65800000, 0x66140000, 0x6a540000)
  eden space 7680K, 100% used [0x65800000, 0x65f80000, 0x65f80000)
  from space 896K,  47% used [0x66060000, 0x660caf98, 0x66140000)
  to   space 896K,   0% used [0x65f80000, 0x65f80000, 0x66060000)
 tenured generation   total 18932K, used 13429K [0x6a540000, 0x6b7bd000, 0x74000000)
   the space 18932K,  70% used [0x6a540000, 0x6b25d6d8, 0x6b25d800, 0x6b7bd000)
 Metaspace       used 12387K, capacity 12665K, committed 12696K, reserved 13616K
Event: 20.925 GC heap after
Heap after GC invocations=45 (full 1):
 def new generation   total 8576K, used 896K [0x65800000, 0x66140000, 0x6a540000)
  eden space 7680K,   0% used [0x65800000, 0x65800000, 0x65f80000)
  from space 896K, 100% used [0x65f80000, 0x66060000, 0x66060000)
  to   space 896K,   0% used [0x66060000, 0x66060000, 0x66140000)
 tenured generation   total 18932K, used 13503K [0x6a540000, 0x6b7bd000, 0x74000000)
   the space 18932K,  71% used [0x6a540000, 0x6b26fef0, 0x6b270000, 0x6b7bd000)
 Metaspace       used 12387K, capacity 12665K, committed 12696K, reserved 13616K
}
Event: 21.681 GC heap before
{Heap before GC invocations=45 (full 1):
 def new generation   total 8576K, used 8576K [0x65800000, 0x66140000, 0x6a540000)
  eden space 7680K, 100% used [0x65800000, 0x65f80000, 0x65f80000)
  from space 896K, 100% used [0x65f80000, 0x66060000, 0x66060000)
  to   space 896K,   0% used [0x66060000, 0x66060000, 0x66140000)
 tenured generation   total 18932K, used 13503K [0x6a540000, 0x6b7bd000, 0x74000000)
   the space 18932K,  71% used [0x6a540000, 0x6b26fef0, 0x6b270000, 0x6b7bd000)
 Metaspace       used 12988K, capacity 13264K, committed 13336K, reserved 13616K
Event: 21.711 GC heap after
Heap after GC invocations=46 (full 1):
 def new generation   total 8576K, used 896K [0x65800000, 0x66140000, 0x6a540000)
  eden space 7680K,   0% used [0x65800000, 0x65800000, 0x65f80000)
  from space 896K, 100% used [0x66060000, 0x66140000, 0x66140000)
  to   space 896K,   0% used [0x65f80000, 0x65f80000, 0x66060000)
 tenured generation   total 18932K, used 14233K [0x6a540000, 0x6b7bd000, 0x74000000)
   the space 18932K,  75% used [0x6a540000, 0x6b326460, 0x6b326600, 0x6b7bd000)
 Metaspace       used 12988K, capacity 13264K, committed 13336K, reserved 13616K
}
Event: 22.293 GC heap before
{Heap before GC invocations=46 (full 1):
 def new generation   total 8576K, used 8576K [0x65800000, 0x66140000, 0x6a540000)
  eden space 7680K, 100% used [0x65800000, 0x65f80000, 0x65f80000)
  from space 896K, 100% used [0x66060000, 0x66140000, 0x66140000)
  to   space 896K,   0% used [0x65f80000, 0x65f80000, 0x66060000)
 tenured generation   total 18932K, used 14233K [0x6a540000, 0x6b7bd000, 0x74000000)
   the space 18932K,  75% used [0x6a540000, 0x6b326460, 0x6b326600, 0x6b7bd000)
 Metaspace       used 13124K, capacity 13443K, committed 13464K, reserved 13616K
Event: 22.311 GC heap after
Heap after GC invocations=47 (full 1):
 def new generation   total 8576K, used 389K [0x65800000, 0x66140000, 0x6a540000)
  eden space 7680K,   0% used [0x65800000, 0x65800000, 0x65f80000)
  from space 896K,  43% used [0x65f80000, 0x65fe1668, 0x66060000)
  to   space 896K,   0% used [0x66060000, 0x66060000, 0x66140000)
 tenured generation   total 18932K, used 14620K [0x6a540000, 0x6b7bd000, 0x74000000)
   the space 18932K,  77% used [0x6a540000, 0x6b3872a8, 0x6b387400, 0x6b7bd000)
 Metaspace       used 13124K, capacity 13443K, committed 13464K, reserved 13616K
}
Event: 22.603 GC heap before
{Heap before GC invocations=47 (full 1):
 def new generation   total 8576K, used 8069K [0x65800000, 0x66140000, 0x6a540000)
  eden space 7680K, 100% used [0x65800000, 0x65f80000, 0x65f80000)
  from space 896K,  43% used [0x65f80000, 0x65fe1668, 0x66060000)
  to   space 896K,   0% used [0x66060000, 0x66060000, 0x66140000)
 tenured generation   total 18932K, used 14620K [0x6a540000, 0x6b7bd000, 0x74000000)
   the space 18932K,  77% used [0x6a540000, 0x6b3872a8, 0x6b387400, 0x6b7bd000)
 Metaspace       used 13125K, capacity 13445K, committed 13464K, reserved 13616K
Event: 22.619 GC heap after
Heap after GC invocations=48 (full 1):
 def new generation   total 8576K, used 553K [0x65800000, 0x66140000, 0x6a540000)
  eden space 7680K,   0% used [0x65800000, 0x65800000, 0x65f80000)
  from space 896K,  61% used [0x66060000, 0x660ea738, 0x66140000)
  to   space 896K,   0% used [0x65f80000, 0x65f80000, 0x66060000)
 tenured generation   total 18932K, used 14620K [0x6a540000, 0x6b7bd000, 0x74000000)
   the space 18932K,  77% used [0x6a540000, 0x6b3872a8, 0x6b387400, 0x6b7bd000)
 Metaspace       used 13125K, capacity 13445K, committed 13464K, reserved 13616K
}
Event: 22.927 GC heap before
{Heap before GC invocations=48 (full 1):
 def new generation   total 8576K, used 8233K [0x65800000, 0x66140000, 0x6a540000)
  eden space 7680K, 100% used [0x65800000, 0x65f80000, 0x65f80000)
  from space 896K,  61% used [0x66060000, 0x660ea738, 0x66140000)
  to   space 896K,   0% used [0x65f80000, 0x65f80000, 0x66060000)
 tenured generation   total 18932K, used 14620K [0x6a540000, 0x6b7bd000, 0x74000000)
   the space 18932K,  77% used [0x6a540000, 0x6b3872a8, 0x6b387400, 0x6b7bd000)
 Metaspace       used 13126K, capacity 13448K, committed 13464K, reserved 13616K
Event: 22.945 GC heap after
Heap after GC invocations=49 (full 1):
 def new generation   total 8576K, used 520K [0x65800000, 0x66140000, 0x6a540000)
  eden space 7680K,   0% used [0x65800000, 0x65800000, 0x65f80000)
  from space 896K,  58% used [0x65f80000, 0x660023b8, 0x66060000)
  to   space 896K,   0% used [0x66060000, 0x66060000, 0x66140000)
 tenured generation   total 18932K, used 14831K [0x6a540000, 0x6b7bd000, 0x74000000)
   the space 18932K,  78% used [0x6a540000, 0x6b3bbc28, 0x6b3bbe00, 0x6b7bd000)
 Metaspace       used 13126K, capacity 13448K, committed 13464K, reserved 13616K
}

