# JRE version: Java(TM) SE Runtime Environment (8.0_65-b17) (build 1.8.0_65-b17)
# Java VM: Java HotSpot(TM) Client VM (25.65-b01 mixed mode linux-arm )
Heap:
 def new generation   total 4864K, used 4066K [0x65600000, 0x65b40000, 0x6a340000)
  eden space 4352K,  81% used [0x65600000, 0x65978850, 0x65a40000)
  from space 512K, 100% used [0x65ac0000, 0x65b40000, 0x65b40000)
  to   space 512K,   0% used [0x65a40000, 0x65a40000, 0x65ac0000)
 tenured generation   total 11008K, used 7169K [0x6a340000, 0x6ae00000, 0x73e00000)
   the space 11008K,  65% used [0x6a340000, 0x6aa405a8, 0x6aa40600, 0x6ae00000)
 Metaspace       used 9788K, capacity 9919K, committed 10008K, reserved 10544K
GC Heap History (10 events):
Event: 11.421 GC heap before
{Heap before GC invocations=22 (full 0):
 def new generation   total 4864K, used 4637K [0x65600000, 0x65b40000, 0x6a340000)
  eden space 4352K, 100% used [0x65600000, 0x65a40000, 0x65a40000)
  from space 512K,  55% used [0x65a40000, 0x65a87498, 0x65ac0000)
  to   space 512K,   0% used [0x65ac0000, 0x65ac0000, 0x65b40000)
 tenured generation   total 11008K, used 6057K [0x6a340000, 0x6ae00000, 0x73e00000)
   the space 11008K,  55% used [0x6a340000, 0x6a92a730, 0x6a92a800, 0x6ae00000)
 Metaspace       used 8607K, capacity 8716K, committed 8856K, reserved 9520K
Event: 11.436 GC heap after
Heap after GC invocations=23 (full 0):
 def new generation   total 4864K, used 373K [0x65600000, 0x65b40000, 0x6a340000)
  eden space 4352K,   0% used [0x65600000, 0x65600000, 0x65a40000)
  from space 512K,  72% used [0x65ac0000, 0x65b1d468, 0x65b40000)
  to   space 512K,   0% used [0x65a40000, 0x65a40000, 0x65ac0000)
 tenured generation   total 11008K, used 6183K [0x6a340000, 0x6ae00000, 0x73e00000)
   the space 11008K,  56% used [0x6a340000, 0x6a949ca8, 0x6a949e00, 0x6ae00000)
 Metaspace       used 8607K, capacity 8716K, committed 8856K, reserved 9520K
}
Event: 11.624 GC heap before
{Heap before GC invocations=23 (full 0):
 def new generation   total 4864K, used 4711K [0x65600000, 0x65b40000, 0x6a340000)
  eden space 4352K,  99% used [0x65600000, 0x65a3ca60, 0x65a40000)
  from space 512K,  72% used [0x65ac0000, 0x65b1d468, 0x65b40000)
  to   space 512K,   0% used [0x65a40000, 0x65a40000, 0x65ac0000)
 tenured generation   total 11008K, used 6183K [0x6a340000, 0x6ae00000, 0x73e00000)
   the space 11008K,  56% used [0x6a340000, 0x6a949ca8, 0x6a949e00, 0x6ae00000)
 Metaspace       used 8609K, capacity 8716K, committed 8856K, reserved 9520K
Event: 11.637 GC heap after
Heap after GC invocations=24 (full 0):
 def new generation   total 4864K, used 385K [0x65600000, 0x65b40000, 0x6a340000)
  eden space 4352K,   0% used [0x65600000, 0x65600000, 0x65a40000)
  from space 512K,  75% used [0x65a40000, 0x65aa0478, 0x65ac0000)
  to   space 512K,   0% used [0x65ac0000, 0x65ac0000, 0x65b40000)
 tenured generation   total 11008K, used 6321K [0x6a340000, 0x6ae00000, 0x73e00000)
   the space 11008K,  57% used [0x6a340000, 0x6a96c668, 0x6a96c800, 0x6ae00000)
 Metaspace       used 8609K, capacity 8716K, committed 8856K, reserved 9520K
}
Event: 11.848 GC heap before
{Heap before GC invocations=24 (full 0):
 def new generation   total 4864K, used 4737K [0x65600000, 0x65b40000, 0x6a340000)
  eden space 4352K, 100% used [0x65600000, 0x65a40000, 0x65a40000)
  from space 512K,  75% used [0x65a40000, 0x65aa0478, 0x65ac0000)
  to   space 512K,   0% used [0x65ac0000, 0x65ac0000, 0x65b40000)
 tenured generation   total 11008K, used 6321K [0x6a340000, 0x6ae00000, 0x73e00000)
   the space 11008K,  57% used [0x6a340000, 0x6a96c668, 0x6a96c800, 0x6ae00000)
 Metaspace       used 8609K, capacity 8716K, committed 8856K, reserved 9520K
Event: 11.862 GC heap after
Heap after GC invocations=25 (full 0):
 def new generation   total 4864K, used 385K [0x65600000, 0x65b40000, 0x6a340000)
  eden space 4352K,   0% used [0x65600000, 0x65600000, 0x65a40000)
  from space 512K,  75% used [0x65ac0000, 0x65b204e8, 0x65b40000)
  to   space 512K,   0% used [0x65a40000, 0x65a40000, 0x65ac0000)
 tenured generation   total 11008K, used 6460K [0x6a340000, 0x6ae00000, 0x73e00000)
   the space 11008K,  58% used [0x6a340000, 0x6a98f0f8, 0x6a98f200, 0x6ae00000)
 Metaspace       used 8609K, capacity 8716K, committed 8856K, reserved 9520K
}
Event: 12.141 GC heap before
{Heap before GC invocations=25 (full 0):
 def new generation   total 4864K, used 4737K [0x65600000, 0x65b40000, 0x6a340000)
  eden space 4352K, 100% used [0x65600000, 0x65a40000, 0x65a40000)
  from space 512K,  75% used [0x65ac0000, 0x65b204e8, 0x65b40000)
  to   space 512K,   0% used [0x65a40000, 0x65a40000, 0x65ac0000)
 tenured generation   total 11008K, used 6460K [0x6a340000, 0x6ae00000, 0x73e00000)
   the space 11008K,  58% used [0x6a340000, 0x6a98f0f8, 0x6a98f200, 0x6ae00000)
 Metaspace       used 8659K, capacity 8750K, committed 8856K, reserved 9520K
Event: 12.156 GC heap after
Heap after GC invocations=26 (full 0):
 def new generation   total 4864K, used 485K [0x65600000, 0x65b40000, 0x6a340000)
  eden space 4352K,   0% used [0x65600000, 0x65600000, 0x65a40000)
  from space 512K,  94% used [0x65a40000, 0x65ab9508, 0x65ac0000)
  to   space 512K,   0% used [0x65ac0000, 0x65ac0000, 0x65b40000)
 tenured generation   total 11008K, used 6671K [0x6a340000, 0x6ae00000, 0x73e00000)
   the space 11008K,  60% used [0x6a340000, 0x6a9c3ee0, 0x6a9c4000, 0x6ae00000)
 Metaspace       used 8659K, capacity 8750K, committed 8856K, reserved 9520K
}
Event: 12.597 GC heap before
{Heap before GC invocations=26 (full 0):
 def new generation   total 4864K, used 4836K [0x65600000, 0x65b40000, 0x6a340000)
  eden space 4352K,  99% used [0x65600000, 0x65a3fc28, 0x65a40000)
  from space 512K,  94% used [0x65a40000, 0x65ab9508, 0x65ac0000)
  to   space 512K,   0% used [0x65ac0000, 0x65ac0000, 0x65b40000)
 tenured generation   total 11008K, used 6671K [0x6a340000, 0x6ae00000, 0x73e00000)
   the space 11008K,  60% used [0x6a340000, 0x6a9c3ee0, 0x6a9c4000, 0x6ae00000)
 Metaspace       used 8893K, capacity 8988K, committed 9112K, reserved 9520K
Event: 12.618 GC heap after
Heap after GC invocations=27 (full 0):
 def new generation   total 4864K, used 512K [0x65600000, 0x65b40000, 0x6a340000)
  eden space 4352K,   0% used [0x65600000, 0x65600000, 0x65a40000)
  from space 512K, 100% used [0x65ac0000, 0x65b40000, 0x65b40000)
  to   space 512K,   0% used [0x65a40000, 0x65a40000, 0x65ac0000)
 tenured generation   total 11008K, used 7169K [0x6a340000, 0x6ae00000, 0x73e00000)
   the space 11008K,  65% used [0x6a340000, 0x6aa405a8, 0x6aa40600, 0x6ae00000)
 Metaspace       used 8893K, capacity 8988K, committed 9112K, reserved 9520K
}

